
> vite_react_shadcn_ts@0.0.0 dev
> vite


  VITE v5.4.10  ready in 527 ms

  ➜  Local:   http://localhost:8080/
  ➜  Network: http://172.23.119.226:8080/
6:26:36 PM [vite] hmr update /src/components/Logo.tsx, /src/index.css

> vite_react_shadcn_ts@0.0.0 dev
> vite


  VITE v5.4.10  ready in 317 ms

  ➜  Local:   http://localhost:8080/
  ➜  Network: http://172.23.119.226:8080/

> vite_react_shadcn_ts@0.0.0 dev
> vite


  VITE v5.4.10  ready in 340 ms

  ➜  Local:   http://localhost:8080/
  ➜  Network: http://172.23.119.226:8080/
(node:10003) Warning: An error event has already been emitted on the socket. Please use the destroy method on the socket while handling a 'clientError' event.
(Use `node --trace-warnings ...` to show where the warning was created)

> vite_react_shadcn_ts@0.0.0 dev
> vite


  VITE v5.4.10  ready in 297 ms

  ➜  Local:   http://localhost:8080/
  ➜  Network: http://172.23.119.226:8080/

> vite_react_shadcn_ts@0.0.0 dev
> vite


  VITE v5.4.10  ready in 342 ms

  ➜  Local:   http://localhost:8080/
  ➜  Network: http://172.23.119.226:8080/
